Build started 3/4/2016 12:46:49 AM.
     1>Project "C:\Users\johan\Documents\A Spring 2016\CS470 - Image Processing\Image-Processing\qip.vcxproj" on node 2 (Build target(s)).
     1>CustomBuild:
         Moc'ing Contrast.h...
         Moc'ing Dummy.h...
         Moc'ing Gamma.h...
         Moc'ing Intensity.h...
         Moc'ing MainWindow.h...
         Moc'ing Quantization.h...
         Moc'ing Threshold.h...
       ClCompile:
         C:\Program Files (x86)\Microsoft Visual Studio 12.0\VC\bin\x86_amd64\CL.exe /c /I. /IIP\win\header /IC:\qt\qt5.5.0\5.5\msvc2013_64\include /IC:\qt\qt5.5.0\5.5\msvc2013_64\include\QtWidgets /IC:\qt\qt5.5.0\5.5\msvc2013_64\include\QtGui /IC:\qt\qt5.5.0\5.5\msvc2013_64\include\QtANGLE /IC:\qt\qt5.5.0\5.5\msvc2013_64\include\QtCore /Imoc /I"C:\qt\qt5.5.0\5.5\msvc2013_64\mkspecs\win32-msvc2013" /Zi /nologo /W3 /WX- /MP /Od /D _WINDOWS /D UNICODE /D WIN32 /D WIN64 /D QT_WIDGETS_LIB /D QT_GUI_LIB /D QT_CORE_LIB /Gm- /EHsc /MDd /GS /fp:precise /Zc:wchar_t /Zc:forScope /GR /Fo"x64\Debug\\" /Fd"x64\Debug\vc120.pdb" /Gd /TP /errorReport:prompt -w34100 -w34189 -w44996 Gamma.cpp Intensity.cpp moc\moc_Contrast.cpp moc\moc_Dummy.cpp moc\moc_Gamma.cpp moc\moc_Intensity.cpp moc\moc_MainWindow.cpp moc\moc_Quantization.cpp moc\moc_Threshold.cpp
         Gamma.cpp
         Intensity.cpp
         moc_Contrast.cpp
         moc_Dummy.cpp
         moc_Gamma.cpp
         moc_Intensity.cpp
         moc_MainWindow.cpp
         moc_Quantization.cpp
         moc_Threshold.cpp
       Link:
         C:\Program Files (x86)\Microsoft Visual Studio 12.0\VC\bin\x86_amd64\link.exe /ERRORREPORT:PROMPT /OUT:"debug\\qip.exe" /NOLOGO /LIBPATH:C:\qt\qt5.5.0\5.5\msvc2013_64\lib /LIBPATH:C:/qt/qt5.5.0/5.5/msvc2013_64/lib /LIBPATH:C:\Qt\Qt5.5.0\5.5\msvc2013_64\lib /LIBPATH:.\IP\win\lib C:\qt\qt5.5.0\5.5\msvc2013_64\lib\qtmaind.lib shell32.lib C:/qt/qt5.5.0/5.5/msvc2013_64/lib\Qt5Cored.lib .\IP\win\lib\IP_d.lib C:\qt\qt5.5.0\5.5\msvc2013_64\lib\Qt5Widgetsd.lib C:\qt\qt5.5.0\5.5\msvc2013_64\lib\Qt5Guid.lib C:\qt\qt5.5.0\5.5\msvc2013_64\lib\Qt5Cored.lib kernel32.lib user32.lib gdi32.lib winspool.lib comdlg32.lib advapi32.lib shell32.lib ole32.lib oleaut32.lib uuid.lib odbc32.lib odbccp32.lib /MANIFEST /MANIFESTUAC:"level='asInvoker' uiAccess='false'" /manifest:embed /DEBUG /PDB:"debug\qip.pdb" /SUBSYSTEM:CONSOLE /TLBID:1 /DYNAMICBASE /NXCOMPAT /MACHINE:X64 "/MANIFESTDEPENDENCY:type='win32' name='Microsoft.Windows.Common-Controls' version='6.0.0.0' publicKeyToken='6595b64144ccf1df' language='*' processorArchitecture='*'" x64\Debug\Contrast.obj
         x64\Debug\Dummy.obj
         x64\Debug\Gamma.obj
         x64\Debug\ImageFilter.obj
         x64\Debug\Intensity.obj
         x64\Debug\MainWindow.obj
         x64\Debug\moc_Contrast.obj
         x64\Debug\moc_Dummy.obj
         x64\Debug\moc_Gamma.obj
         x64\Debug\moc_Intensity.obj
         x64\Debug\moc_MainWindow.obj
         x64\Debug\moc_Quantization.obj
         x64\Debug\moc_Threshold.obj
         x64\Debug\Quantization.obj
         x64\Debug\Threshold.obj
         x64\Debug\main.obj
         qip.vcxproj -> C:\Users\johan\Documents\A Spring 2016\CS470 - Image Processing\Image-Processing\debug\qip.exe
     1>Done Building Project "C:\Users\johan\Documents\A Spring 2016\CS470 - Image Processing\Image-Processing\qip.vcxproj" (Build target(s)).

Build succeeded.

Time Elapsed 00:00:11.25
